<?xml version="1.0" encoding="UTF-8"?>
<testng-results skipped="0" failed="0" ignored="0" total="1" passed="1">
  <reporter-output>
  </reporter-output>
  <suite name="Default" duration-ms="74232" started-at="2018-12-21T04:32:12Z" finished-at="2018-12-21T04:33:26Z">
    <groups>
    </groups>
    <test name="Feature: AccountManager" duration-ms="74232" started-at="2018-12-21T04:32:12Z" finished-at="2018-12-21T04:33:26Z">
      <class name="com.br.inmetrics.frm.testng.TestClassTemplate">
        <test-method status="PASS" signature="executeScenario(java.lang.String, java.lang.String, java.lang.String)[pri:0, instance:com.br.inmetrics.frm.testng.TestClassTemplate@6622a690]" test-instance-name="" name="executeScenario" duration-ms="69933" started-at="2018-12-21T04:32:12Z" finished-at="2018-12-21T04:33:22Z">
          <params>
            <param index="0">
              <value>
                <![CDATA[AccountManager]]>
              </value>
            </param>
            <param index="1">
              <value>
                <![CDATA[Deixar Comentario em Filme]]>
              </value>
            </param>
            <param index="2">
              <value>
                <![CDATA[]]>
              </value>
            </param>
          </params>
          <reporter-output>
          </reporter-output>
        </test-method> <!-- executeScenario -->
      </class> <!-- com.br.inmetrics.frm.testng.TestClassTemplate -->
    </test> <!-- Feature: AccountManager -->
  </suite> <!-- Default -->
</testng-results>
